[2012-10-19 17:32:23.692] [INFO] console - Atom server listening on port 9005 in local env
[2012-10-19 17:32:35.269] [INFO] console - { _d: Thu, 18 Oct 2012 22:00:00 GMT,
  _isUTC: false,
  _a: null,
  _lang: false }
[2012-11-13 19:37:16.457] [INFO] console - Atom server listening on port 9005 in local env
[2012-11-13 19:37:27.515] [INFO] console - { _d: Mon, 12 Nov 2012 22:00:00 GMT,
  _isUTC: false,
  _a: null,
  _lang: false }
[2012-11-13 19:37:37.126] [INFO] console - { _d: Mon, 12 Nov 2012 22:00:00 GMT,
  _isUTC: false,
  _a: null,
  _lang: false }
[2012-11-13 19:37:39.553] [INFO] console - { _d: Mon, 12 Nov 2012 22:00:00 GMT,
  _isUTC: false,
  _a: null,
  _lang: false }
[2012-11-13 19:37:42.593] [INFO] console - { _d: Mon, 12 Nov 2012 22:00:00 GMT,
  _isUTC: false,
  _a: null,
  _lang: false }
[2012-11-13 20:02:24.191] [INFO] console - ENOTFOUND
[2012-11-13 20:02:24.196] [INFO] console - true
[2012-11-13 20:02:27.241] [INFO] console - ENOTFOUND
[2012-11-13 20:02:27.244] [INFO] console - true
[2012-11-13 20:02:54.607] [INFO] console - ENOTFOUND
[2012-11-13 20:02:54.608] [INFO] console - true
[2012-11-13 20:02:57.647] [INFO] console - ENOTFOUND
[2012-11-13 20:02:57.648] [INFO] console - true
[2012-11-13 20:03:25.029] [INFO] console - ENOTFOUND
[2012-11-13 20:03:25.031] [INFO] console - true
[2012-11-13 20:03:28.070] [INFO] console - ENOTFOUND
[2012-11-13 20:03:28.071] [INFO] console - true
[2012-11-13 20:03:55.447] [INFO] console - ENOTFOUND
[2012-11-13 20:03:55.452] [INFO] console - true
[2012-11-13 20:03:58.486] [INFO] console - ENOTFOUND
[2012-11-13 20:03:58.487] [INFO] console - true
[2012-11-13 20:04:25.869] [INFO] console - ENOTFOUND
[2012-11-13 20:04:25.869] [INFO] console - true
[2012-11-13 20:04:28.908] [INFO] console - ENOTFOUND
[2012-11-13 20:04:28.910] [INFO] console - true
[2012-11-13 20:04:56.289] [INFO] console - ENOTFOUND
[2012-11-13 20:04:56.291] [INFO] console - true
[2012-11-13 20:04:59.330] [INFO] console - ENOTFOUND
[2012-11-13 20:04:59.331] [INFO] console - true
[2012-11-13 20:05:26.705] [INFO] console - ENOTFOUND
[2012-11-13 20:05:26.706] [INFO] console - true
[2012-11-13 20:05:29.748] [INFO] console - ENOTFOUND
[2012-11-13 20:05:29.750] [INFO] console - true
[2012-11-13 20:05:57.125] [INFO] console - ENOTFOUND
[2012-11-13 20:05:57.125] [INFO] console - true
[2012-11-13 20:06:00.167] [INFO] console - ENOTFOUND
[2012-11-13 20:06:00.168] [INFO] console - true
[2012-11-13 20:06:27.546] [INFO] console - ENOTFOUND
[2012-11-13 20:06:27.547] [INFO] console - true
[2012-11-13 20:06:30.588] [INFO] console - ENOTFOUND
[2012-11-13 20:06:30.590] [INFO] console - true
[2012-11-13 20:06:57.968] [INFO] console - ENOTFOUND
[2012-11-13 20:06:57.970] [INFO] console - true
[2012-11-13 20:07:01.012] [INFO] console - ENOTFOUND
[2012-11-13 20:07:01.013] [INFO] console - true
[2012-11-13 20:07:28.387] [INFO] console - ENOTFOUND
[2012-11-13 20:07:28.388] [INFO] console - true
[2012-11-13 20:07:31.427] [INFO] console - ENOTFOUND
[2012-11-13 20:07:31.428] [INFO] console - true
[2012-11-13 20:09:41.079] [INFO] console - ETIMEDOUT
[2012-11-13 20:09:41.080] [INFO] console - true
[2012-11-13 20:09:42.097] [INFO] console - ETIMEDOUT
[2012-11-13 20:09:42.098] [INFO] console - true
[2012-11-13 20:10:00.491] [INFO] console - ENOTFOUND
[2012-11-13 20:10:00.492] [INFO] console - true
[2012-11-13 20:10:03.528] [INFO] console - ENOTFOUND
[2012-11-13 20:10:03.529] [INFO] console - true
[2012-11-13 20:10:30.909] [INFO] console - ENOTFOUND
[2012-11-13 20:10:30.910] [INFO] console - true
[2012-11-13 20:10:33.951] [INFO] console - ENOTFOUND
[2012-11-13 20:10:33.953] [INFO] console - true
[2012-11-21 20:08:46.027] [INFO] console - Atom server listening on port 9005 in local env
[2012-11-21 20:08:57.584] [INFO] console - { _d: Tue, 20 Nov 2012 22:00:00 GMT,
  _isUTC: false,
  _a: null,
  _lang: false }
[2012-11-21 20:12:32.537] [INFO] console - { _d: Tue, 20 Nov 2012 22:00:00 GMT,
  _isUTC: false,
  _a: null,
  _lang: false }
[2012-11-21 20:15:26.331] [INFO] console - { _d: Tue, 20 Nov 2012 22:00:00 GMT,
  _isUTC: false,
  _a: null,
  _lang: false }
[2012-11-21 20:17:30.072] [INFO] console - { _d: Tue, 20 Nov 2012 22:00:00 GMT,
  _isUTC: false,
  _a: null,
  _lang: false }
[2012-11-21 20:20:32.451] [INFO] console - { _d: Tue, 20 Nov 2012 22:00:00 GMT,
  _isUTC: false,
  _a: null,
  _lang: false }
[2012-11-21 20:21:06.834] [INFO] console - { _d: Tue, 20 Nov 2012 22:00:00 GMT,
  _isUTC: false,
  _a: null,
  _lang: false }
[2012-11-21 20:21:08.183] [INFO] console - { _d: Tue, 20 Nov 2012 22:00:00 GMT,
  _isUTC: false,
  _a: null,
  _lang: false }
[2012-11-21 20:21:47.663] [INFO] console - { _d: Tue, 20 Nov 2012 22:00:00 GMT,
  _isUTC: false,
  _a: null,
  _lang: false }
[2012-11-21 20:21:52.425] [INFO] console - { _d: Tue, 20 Nov 2012 22:00:00 GMT,
  _isUTC: false,
  _a: null,
  _lang: false }
[2012-11-21 20:21:57.440] [INFO] console - { _d: Tue, 20 Nov 2012 22:00:00 GMT,
  _isUTC: false,
  _a: null,
  _lang: false }
[2012-11-21 20:22:02.438] [INFO] console - { _d: Tue, 20 Nov 2012 22:00:00 GMT,
  _isUTC: false,
  _a: null,
  _lang: false }
[2012-11-21 20:22:07.429] [INFO] console - { _d: Tue, 20 Nov 2012 22:00:00 GMT,
  _isUTC: false,
  _a: null,
  _lang: false }
[2012-11-21 20:22:08.810] [INFO] console - { _d: Tue, 20 Nov 2012 22:00:00 GMT,
  _isUTC: false,
  _a: null,
  _lang: false }
[2012-11-21 20:22:12.420] [INFO] console - { _d: Tue, 20 Nov 2012 22:00:00 GMT,
  _isUTC: false,
  _a: null,
  _lang: false }
[2012-11-21 20:22:17.412] [INFO] console - { _d: Tue, 20 Nov 2012 22:00:00 GMT,
  _isUTC: false,
  _a: null,
  _lang: false }
[2012-11-21 20:22:22.423] [INFO] console - { _d: Tue, 20 Nov 2012 22:00:00 GMT,
  _isUTC: false,
  _a: null,
  _lang: false }
[2012-11-21 20:22:27.424] [INFO] console - { _d: Tue, 20 Nov 2012 22:00:00 GMT,
  _isUTC: false,
  _a: null,
  _lang: false }
[2012-11-21 20:22:32.418] [INFO] console - { _d: Tue, 20 Nov 2012 22:00:00 GMT,
  _isUTC: false,
  _a: null,
  _lang: false }
[2012-11-21 20:22:37.403] [INFO] console - { _d: Tue, 20 Nov 2012 22:00:00 GMT,
  _isUTC: false,
  _a: null,
  _lang: false }
[2012-11-21 20:22:42.406] [INFO] console - { _d: Tue, 20 Nov 2012 22:00:00 GMT,
  _isUTC: false,
  _a: null,
  _lang: false }
[2012-11-21 20:22:47.400] [INFO] console - { _d: Tue, 20 Nov 2012 22:00:00 GMT,
  _isUTC: false,
  _a: null,
  _lang: false }
[2012-11-21 20:22:52.398] [INFO] console - { _d: Tue, 20 Nov 2012 22:00:00 GMT,
  _isUTC: false,
  _a: null,
  _lang: false }
[2012-11-21 20:22:57.404] [INFO] console - { _d: Tue, 20 Nov 2012 22:00:00 GMT,
  _isUTC: false,
  _a: null,
  _lang: false }
[2012-11-21 20:23:02.431] [INFO] console - { _d: Tue, 20 Nov 2012 22:00:00 GMT,
  _isUTC: false,
  _a: null,
  _lang: false }
[2012-11-21 20:23:07.390] [INFO] console - { _d: Tue, 20 Nov 2012 22:00:00 GMT,
  _isUTC: false,
  _a: null,
  _lang: false }
[2012-11-21 20:23:12.385] [INFO] console - { _d: Tue, 20 Nov 2012 22:00:00 GMT,
  _isUTC: false,
  _a: null,
  _lang: false }
[2012-11-21 20:23:17.388] [INFO] console - { _d: Tue, 20 Nov 2012 22:00:00 GMT,
  _isUTC: false,
  _a: null,
  _lang: false }
[2012-11-21 20:23:22.266] [INFO] console - { _d: Tue, 20 Nov 2012 22:00:00 GMT,
  _isUTC: false,
  _a: null,
  _lang: false }
[2012-11-21 20:26:17.769] [INFO] console - { _d: Tue, 20 Nov 2012 22:00:00 GMT,
  _isUTC: false,
  _a: null,
  _lang: false }
[2012-11-21 20:28:13.568] [INFO] console - { _d: Tue, 20 Nov 2012 22:00:00 GMT,
  _isUTC: false,
  _a: null,
  _lang: false }
[2012-11-21 20:28:18.489] [INFO] console - { _d: Tue, 20 Nov 2012 22:00:00 GMT,
  _isUTC: false,
  _a: null,
  _lang: false }
[2012-11-21 20:28:43.346] [INFO] console - { _d: Tue, 20 Nov 2012 22:00:00 GMT,
  _isUTC: false,
  _a: null,
  _lang: false }
